<?xml version="1.0" encoding="UTF-8"?>
<testsuite xmlns:xsi="http://www.w3.org/2001/XMLSchema-instance" xsi:noNamespaceSchemaLocation="https://maven.apache.org/surefire/maven-surefire-plugin/xsd/surefire-test-report-3.0.xsd" version="3.0" name="TestSuite" time="50.347" tests="7" errors="0" skipped="0" failures="2">
  <properties>
[...]
</properties>
  <testcase name="NewUserRegistration[KhushiQA123, Mavennn@gmail.com, 123456](1)" classname="com.MySeleniumMavenAssignment.tests.NewUserAccountTest" time="0.999">
    <system-out><![CDATA[[TestNGContentHandler] [WARN] It is strongly recommended to add "<!DOCTYPE suite SYSTEM "http://testng.org/testng-1.0.dtd" >" at the top of your file, otherwise TestNG may fail or not work as expected.
&amp#27;[32mdisableAnsi=false&amp#27;[m (2022-04-10 18:31:48,616 [main] INFO : Chrome Browser opened
&amp#27;[32mdisableAnsi=false&amp#27;[m (2022-04-10 18:31:55,036 [main] INFO : Amazon.in opened
&amp#27;[32mdisableAnsi=false&amp#27;[m (2022-04-10 18:31:56,047 [main] INFO : Reach to Amazon Registration
]]></system-out>
    <system-err><![CDATA[Starting ChromeDriver 100.0.4896.60 (6a5d10861ce8de5fce22564658033b43cb7de047-refs/branch-heads/4896@{#875}) on port 44584
Only local connections are allowed.
Please see https://chromedriver.chromium.org/security-considerations for suggestions on keeping ChromeDriver safe.
ChromeDriver was started successfully.
Apr 10, 2022 6:31:48 PM org.openqa.selenium.remote.ProtocolHandshake createSession
INFO: Detected dialect: W3C
]]></system-err>
  </testcase>
  <testcase name="BlankUserSignIn[](1)" classname="com.MySeleniumMavenAssignment.tests.SignInTest" time="0.807">
    <system-out><![CDATA[&amp#27;[32mdisableAnsi=false&amp#27;[m (2022-04-10 18:31:56,179 [main] INFO : Amazon.in closed
&amp#27;[32mdisableAnsi=false&amp#27;[m (2022-04-10 18:31:57,303 [main] INFO : Chrome Browser opened
&amp#27;[32mdisableAnsi=false&amp#27;[m (2022-04-10 18:31:59,215 [main] INFO : Amazon.in opened
&amp#27;[32mdisableAnsi=false&amp#27;[m (2022-04-10 18:32:00,029 [main] INFO : It is again Amazon Sign In Page
]]></system-out>
    <system-err><![CDATA[Starting ChromeDriver 100.0.4896.60 (6a5d10861ce8de5fce22564658033b43cb7de047-refs/branch-heads/4896@{#875}) on port 48901
Only local connections are allowed.
Please see https://chromedriver.chromium.org/security-considerations for suggestions on keeping ChromeDriver safe.
ChromeDriver was started successfully.
Apr 10, 2022 6:31:57 PM org.openqa.selenium.remote.ProtocolHandshake createSession
INFO: Detected dialect: W3C
]]></system-err>
  </testcase>
  <testcase name="ValidUserSignIn[amzn.tester23@gmail.com, amzntester23](1)" classname="com.MySeleniumMavenAssignment.tests.SignInTest" time="3.621">
    <system-out><![CDATA[&amp#27;[32mdisableAnsi=false&amp#27;[m (2022-04-10 18:32:24,147 [main] INFO : Amazon.in closed
&amp#27;[32mdisableAnsi=false&amp#27;[m (2022-04-10 18:32:25,313 [main] INFO : Chrome Browser opened
&amp#27;[32mdisableAnsi=false&amp#27;[m (2022-04-10 18:32:27,274 [main] INFO : Amazon.in opened
&amp#27;[32mdisableAnsi=false&amp#27;[m (2022-04-10 18:32:30,900 [main] INFO : It is a Amazon Sign In Page
]]></system-out>
    <system-err><![CDATA[Starting ChromeDriver 100.0.4896.60 (6a5d10861ce8de5fce22564658033b43cb7de047-refs/branch-heads/4896@{#875}) on port 24630
Only local connections are allowed.
Please see https://chromedriver.chromium.org/security-considerations for suggestions on keeping ChromeDriver safe.
ChromeDriver was started successfully.
Apr 10, 2022 6:32:25 PM org.openqa.selenium.remote.ProtocolHandshake createSession
INFO: Detected dialect: W3C
]]></system-err>
  </testcase>
  <testcase name="InValidUserSignIn[amzn.tester232323@gmail.com](1)" classname="com.MySeleniumMavenAssignment.tests.SignInTest" time="1.79">
    <failure message="expected [Amazonnn Sign In] but found [Amazon Sign In]" type="java.lang.AssertionError"><![CDATA[java.lang.AssertionError: expected [Amazonnn Sign In] but found [Amazon Sign In]
	at com.MySeleniumMavenAssignment.tests.SignInTest.InValidUserSignIn(SignInTest.java:38)
]]></failure>
    <system-out><![CDATA[&amp#27;[32mdisableAnsi=false&amp#27;[m (2022-04-10 18:32:31,006 [main] INFO : Amazon.in closed
&amp#27;[32mdisableAnsi=false&amp#27;[m (2022-04-10 18:32:32,142 [main] INFO : Chrome Browser opened
&amp#27;[32mdisableAnsi=false&amp#27;[m (2022-04-10 18:32:34,169 [main] INFO : Amazon.in opened
]]></system-out>
    <system-err><![CDATA[Starting ChromeDriver 100.0.4896.60 (6a5d10861ce8de5fce22564658033b43cb7de047-refs/branch-heads/4896@{#875}) on port 7183
Only local connections are allowed.
Please see https://chromedriver.chromium.org/security-considerations for suggestions on keeping ChromeDriver safe.
ChromeDriver was started successfully.
Apr 10, 2022 6:32:32 PM org.openqa.selenium.remote.ProtocolHandshake createSession
INFO: Detected dialect: W3C
]]></system-err>
  </testcase>
  <testcase name="Searchbox[selenium webdriver](1)" classname="com.MySeleniumMavenAssignment.tests.SearchboxTest" time="2.211">
    <system-out><![CDATA[&amp#27;[32mdisableAnsi=false&amp#27;[m (2022-04-10 18:32:00,142 [main] INFO : Amazon.in closed
&amp#27;[32mdisableAnsi=false&amp#27;[m (2022-04-10 18:32:01,303 [main] INFO : Chrome Browser opened
&amp#27;[32mdisableAnsi=false&amp#27;[m (2022-04-10 18:32:03,688 [main] INFO : Amazon.in opened
&amp#27;[32mdisableAnsi=false&amp#27;[m (2022-04-10 18:32:05,906 [main] INFO : Search is Successful
]]></system-out>
    <system-err><![CDATA[Starting ChromeDriver 100.0.4896.60 (6a5d10861ce8de5fce22564658033b43cb7de047-refs/branch-heads/4896@{#875}) on port 48078
Only local connections are allowed.
Please see https://chromedriver.chromium.org/security-considerations for suggestions on keeping ChromeDriver safe.
ChromeDriver was started successfully.
Apr 10, 2022 6:32:01 PM org.openqa.selenium.remote.ProtocolHandshake createSession
INFO: Detected dialect: W3C
]]></system-err>
  </testcase>
  <testcase name="AddToCart[2](1)" classname="com.MySeleniumMavenAssignment.tests.ShoppingCartTest" time="8.294">
    <system-out><![CDATA[&amp#27;[32mdisableAnsi=false&amp#27;[m (2022-04-10 18:32:06,018 [main] INFO : Amazon.in closed
&amp#27;[32mdisableAnsi=false&amp#27;[m (2022-04-10 18:32:07,180 [main] INFO : Chrome Browser opened
&amp#27;[32mdisableAnsi=false&amp#27;[m (2022-04-10 18:32:09,870 [main] INFO : Amazon.in opened
&amp#27;[32mdisableAnsi=false&amp#27;[m (2022-04-10 18:32:18,172 [main] INFO : It is a Amazon Shopping Cart Page
]]></system-out>
    <system-err><![CDATA[Starting ChromeDriver 100.0.4896.60 (6a5d10861ce8de5fce22564658033b43cb7de047-refs/branch-heads/4896@{#875}) on port 20402
Only local connections are allowed.
Please see https://chromedriver.chromium.org/security-considerations for suggestions on keeping ChromeDriver safe.
ChromeDriver was started successfully.
Apr 10, 2022 6:32:07 PM org.openqa.selenium.remote.ProtocolHandshake createSession
INFO: Detected dialect: W3C
]]></system-err>
  </testcase>
  <testcase name="Help" classname="com.MySeleniumMavenAssignment.tests.HelpTest" time="2.322">
    <failure message="expected [Helppp - Amazonnn Customer Service] but found [Help - Amazon Customer Service]" type="java.lang.AssertionError"><![CDATA[java.lang.AssertionError: expected [Helppp - Amazonnn Customer Service] but found [Help - Amazon Customer Service]
	at com.MySeleniumMavenAssignment.tests.HelpTest.Help(HelpTest.java:20)
]]></failure>
    <system-out><![CDATA[&amp#27;[32mdisableAnsi=false&amp#27;[m (2022-04-10 18:32:18,283 [main] INFO : Amazon.in closed
&amp#27;[32mdisableAnsi=false&amp#27;[m (2022-04-10 18:32:19,464 [main] INFO : Chrome Browser opened
&amp#27;[32mdisableAnsi=false&amp#27;[m (2022-04-10 18:32:21,606 [main] INFO : Amazon.in opened
]]></system-out>
    <system-err><![CDATA[Starting ChromeDriver 100.0.4896.60 (6a5d10861ce8de5fce22564658033b43cb7de047-refs/branch-heads/4896@{#875}) on port 45886
Only local connections are allowed.
Please see https://chromedriver.chromium.org/security-considerations for suggestions on keeping ChromeDriver safe.
ChromeDriver was started successfully.
Apr 10, 2022 6:32:19 PM org.openqa.selenium.remote.ProtocolHandshake createSession
INFO: Detected dialect: W3C
]]></system-err>
  </testcase>
</testsuite>